<?xml version="1.0" encoding="UTF-8"?>
<!-- Generated by org.testng.reporters.JUnitReportReporter -->
<testsuite hostname="DESKTOP-C4MOHRM" failures="0" tests="1" name="Testcases.Flipkarttest" time="29.996" errors="0" timestamp="2025-08-11T11:43:44 IST" skipped="0">
  <testcase classname="Testcases.Flipkarttest" name="runOnSauceLabs" time="29.996"/>
</testsuite> <!-- Testcases.Flipkarttest -->
