<?xml version="1.0" encoding="UTF-8"?>
<!-- Generated by org.testng.reporters.JUnitReportReporter -->
<testsuite hostname="DESKTOP-C4MOHRM" failures="0" tests="2" name="Testcases.FlipkartResultTest" time="15.536" errors="0" timestamp="2025-07-09T10:46:45 IST" skipped="0">
  <testcase classname="Testcases.FlipkartResultTest" name="searchmobile" time="15.042"/>
  <testcase classname="Testcases.FlipkartResultTest" name="resultclick" time="0.494"/>
</testsuite> <!-- Testcases.FlipkartResultTest -->
