<?xml version="1.0" encoding="UTF-8"?>
<!-- Generated by org.testng.reporters.JUnitReportReporter -->
<testsuite hostname="DESKTOP-C4MOHRM" failures="0" tests="1" name="Testcases.FlipkartSearchtest" time="12.977" errors="0" timestamp="2025-07-11T11:08:59 IST" skipped="0">
  <testcase classname="Testcases.FlipkartSearchtest" name="searchmobile" time="12.977"/>
</testsuite> <!-- Testcases.FlipkartSearchtest -->
